[2024-12-06 13:31:43,946, 4287805165, INFO, Establising Connection With SQL Database ]
[2024-12-06 13:31:43,949, 4287805165, INFO, Successfully connected to the SQLite database. ]
[2024-12-06 13:31:43,951, 4287805165, INFO, Reading New_Delhi_Reviews table  ]
[2024-12-06 13:31:44,339, 4287805165, INFO, Successfully read the New_Delhi_Reviews as pandas dataframe ]
[2024-12-06 17:40:36,339, 1589442515, INFO, Establising Connection With SQL Database ]
[2024-12-06 17:40:36,343, 1589442515, INFO, Successfully connected to the SQLite database. ]
[2024-12-06 17:40:36,344, 1589442515, INFO, Reading New_Delhi_Reviews table  ]
[2024-12-06 17:40:37,059, 1589442515, INFO, Successfully read the New_Delhi_Reviews as pandas dataframe ]
[2024-12-06 19:54:45,958, 684587357, INFO, Initiating data ingestion ]
[2024-12-06 19:54:45,960, 1589442515, INFO, Establising Connection With SQL Database ]
[2024-12-06 19:54:45,961, 1589442515, INFO, Successfully connected to the SQLite database. ]
[2024-12-06 19:54:45,962, 1589442515, INFO, Reading New_Delhi_Reviews table  ]
[2024-12-06 19:54:46,397, 1589442515, INFO, Successfully read the New_Delhi_Reviews as pandas dataframe ]
[2024-12-06 19:57:53,523, 1281613317, INFO, Initiating data ingestion ]
[2024-12-06 19:57:53,525, 1589442515, INFO, Establising Connection With SQL Database ]
[2024-12-06 19:57:53,527, 1589442515, INFO, Successfully connected to the SQLite database. ]
[2024-12-06 19:57:53,528, 1589442515, INFO, Reading New_Delhi_Reviews table  ]
[2024-12-06 19:57:53,918, 1589442515, INFO, Successfully read the New_Delhi_Reviews as pandas dataframe ]
[2024-12-06 19:58:06,928, 3482073804, INFO, Initiating data ingestion ]
[2024-12-06 19:58:06,930, 1589442515, INFO, Establising Connection With SQL Database ]
[2024-12-06 19:58:06,931, 1589442515, INFO, Successfully connected to the SQLite database. ]
[2024-12-06 19:58:06,933, 1589442515, INFO, Reading New_Delhi_Reviews table  ]
[2024-12-06 19:58:07,327, 1589442515, INFO, Successfully read the New_Delhi_Reviews as pandas dataframe ]
[2024-12-06 19:58:59,157, 3482073804, INFO, Initiating data ingestion ]
[2024-12-06 19:58:59,159, 1589442515, INFO, Establising Connection With SQL Database ]
[2024-12-06 19:58:59,160, 1589442515, INFO, Successfully connected to the SQLite database. ]
[2024-12-06 19:58:59,161, 1589442515, INFO, Reading New_Delhi_Reviews table  ]
[2024-12-06 19:58:59,540, 1589442515, INFO, Successfully read the New_Delhi_Reviews as pandas dataframe ]
[2024-12-06 20:00:12,450, 1302022090, INFO, Initiating data ingestion ]
[2024-12-06 20:00:12,452, 1589442515, INFO, Establising Connection With SQL Database ]
[2024-12-06 20:00:12,454, 1589442515, INFO, Successfully connected to the SQLite database. ]
[2024-12-06 20:00:12,455, 1589442515, INFO, Reading New_Delhi_Reviews table  ]
[2024-12-06 20:00:12,894, 1589442515, INFO, Successfully read the New_Delhi_Reviews as pandas dataframe ]
[2024-12-06 20:00:14,080, 1302022090, INFO, succesfully ingested the raw data as a csv file into artifacts\raw_data.csv ]
[2024-12-06 20:00:14,081, 1302022090, INFO, Initiating train test split ]
[2024-12-06 20:00:15,357, 1302022090, INFO, train and test data split successful and stored respectively as csv files at artifacts\train_data.csv, artifacts\test_data.csv ]
